Build started 10/20/2012 6:02:43 PM.
     1>Project "C:\Users\tripgod\Dropbox\cplusplus\JohnnysProgram1\JohnnysProgram1_a\JohnnysProgram1_a.vcxproj" on node 2 (build target(s)).
     1>InitializeBuildStatus:
         Creating "Debug\JohnnysProgram1_a.unsuccessfulbuild" because "AlwaysCreate" was specified.
       GenerateTargetFrameworkMonikerAttribute:
       Skipping target "GenerateTargetFrameworkMonikerAttribute" because all output files are up-to-date with respect to the input files.
       ClCompile:
         All outputs are up-to-date.
         All outputs are up-to-date.
         All outputs are up-to-date.
       CoreResGen:
         All outputs are up-to-date.
       ResourceCompile:
         All outputs are up-to-date.
       Link:
         All outputs are up-to-date.
         JohnnysProgram1_a.vcxproj -> C:\Users\tripgod\Dropbox\cplusplus\JohnnysProgram1\Debug\JohnnysProgram1_a.exe
       FinalizeBuildStatus:
         Deleting file "Debug\JohnnysProgram1_a.unsuccessfulbuild".
         Touching "Debug\JohnnysProgram1_a.lastbuildstate".
     1>Done Building Project "C:\Users\tripgod\Dropbox\cplusplus\JohnnysProgram1\JohnnysProgram1_a\JohnnysProgram1_a.vcxproj" (build target(s)).

Build succeeded.

Time Elapsed 00:00:00.38
